<?xml version="1.0" encoding="UTF-8"?>
<!-- Generated by org.testng.reporters.JUnitReportReporter -->
<testsuite hostname="DESKTOP-Q1RIKB8" failures="0" tests="1" name="Scripts.Test3" time="0.002" errors="0" timestamp="2022-11-06T10:32:22 IST" skipped="0">
  <testcase classname="Scripts.Test3" name="tc3" time="0.002"/>
  <system-out>
    <![CDATA[Hello Java]]>
  </system-out>
</testsuite> <!-- Scripts.Test3 -->
