<?xml version="1.0" encoding="UTF-8"?>
<!-- Generated by org.testng.reporters.JUnitReportReporter -->
<testsuite hostname="DESKTOP-Q1RIKB8" failures="0" tests="1" name="Scripts.Test2" time="0.003" errors="0" timestamp="2022-11-06T10:32:22 IST" skipped="0">
  <testcase classname="Scripts.Test2" name="tc2" time="0.003"/>
  <system-out>
    <![CDATA[Hello selenium]]>
  </system-out>
</testsuite> <!-- Scripts.Test2 -->
