<?xml version="1.0" encoding="UTF-8"?>
<!-- Generated by org.testng.reporters.JUnitReportReporter -->
<testsuite hostname="DESKTOP-Q1RIKB8" failures="0" tests="1" name="Scripts.Test1" time="0.016" errors="0" timestamp="2022-11-09T14:08:04 IST" skipped="0">
  <testcase classname="Scripts.Test1" name="tc1" time="0.016"/>
  <system-out>
    <![CDATA[Hello Jenkins]]>
  </system-out>
</testsuite> <!-- Scripts.Test1 -->
