<?xml version="1.0" encoding="UTF-8"?>
<!-- Generated by org.testng.reporters.JUnitReportReporter -->
<testsuite hostname="DESKTOP-Q1RIKB8" failures="0" tests="1" name="Scripts.Test4" time="0.014" errors="0" timestamp="2022-11-06T10:32:22 IST" skipped="0">
  <testcase classname="Scripts.Test4" name="tc4" time="0.014"/>
  <system-out>
    <![CDATA[Hello tester]]>
  </system-out>
</testsuite> <!-- Scripts.Test4 -->
